<?xml version="1.0" encoding="UTF-8"?>
<!-- Generated by org.testng.reporters.JUnitReportReporter -->
<testsuite hostname="Shraddha-TY" failures="0" tests="1" name="SoapPck.SoapClass" time="6.118" errors="0" timestamp="16 Apr 2021 08:24:45 GMT">
  <testcase classname="SoapPck.SoapClass" name="Test" time="6.118"/>
</testsuite> <!-- SoapPck.SoapClass -->
